# JRE version: OpenJDK Runtime Environment (8.0_242-b01) (build 1.8.0_242-release-1644-b01)
# Java VM: OpenJDK 64-Bit Server VM (25.242-b01 mixed mode windows-amd64 compressed oops)
Heap:
 PSYoungGen      total 232448K, used 122162K [0x00000000d5580000, 0x00000000e7a80000, 0x0000000100000000)
  eden space 205824K, 46% used [0x00000000d5580000,0x00000000db2cef98,0x00000000e1e80000)
  from space 26624K, 99% used [0x00000000e1e80000,0x00000000e387daf8,0x00000000e3880000)
  to   space 33792K, 0% used [0x00000000e5980000,0x00000000e5980000,0x00000000e7a80000)
 ParOldGen       total 231424K, used 53237K [0x0000000080000000, 0x000000008e200000, 0x00000000d5580000)
  object space 231424K, 23% used [0x0000000080000000,0x00000000833fd430,0x000000008e200000)
 Metaspace       used 87836K, capacity 92664K, committed 92824K, reserved 1128448K
  class space    used 11988K, capacity 12875K, committed 12976K, reserved 1048576K
GC Heap History (10 events):
Event: 6.333 GC heap before
{Heap before GC invocations=12 (full 2):
 PSYoungGen      total 189952K, used 92855K [0x00000000d5580000, 0x00000000e2c00000, 0x0000000100000000)
  eden space 178688K, 45% used [0x00000000d5580000,0x00000000da530db8,0x00000000e0400000)
  from space 11264K, 99% used [0x00000000e0400000,0x00000000e0efd150,0x00000000e0f00000)
  to   space 16896K, 0% used [0x00000000e1b80000,0x00000000e1b80000,0x00000000e2c00000)
 ParOldGen       total 147968K, used 26081K [0x0000000080000000, 0x0000000089080000, 0x00000000d5580000)
  object space 147968K, 17% used [0x0000000080000000,0x00000000819786e8,0x0000000089080000)
 Metaspace       used 56769K, capacity 59132K, committed 59160K, reserved 1099776K
  class space    used 7778K, capacity 8240K, committed 8240K, reserved 1048576K
Event: 6.352 GC heap after
Heap after GC invocations=12 (full 2):
 PSYoungGen      total 199680K, used 16866K [0x00000000d5580000, 0x00000000e5380000, 0x0000000100000000)
  eden space 182784K, 0% used [0x00000000d5580000,0x00000000d5580000,0x00000000e0800000)
  from space 16896K, 99% used [0x00000000e1b80000,0x00000000e2bf8960,0x00000000e2c00000)
  to   space 19968K, 0% used [0x00000000e0800000,0x00000000e0800000,0x00000000e1b80000)
 ParOldGen       total 147968K, used 29616K [0x0000000080000000, 0x0000000089080000, 0x00000000d5580000)
  object space 147968K, 20% used [0x0000000080000000,0x0000000081cec1e8,0x0000000089080000)
 Metaspace       used 56769K, capacity 59132K, committed 59160K, reserved 1099776K
  class space    used 7778K, capacity 8240K, committed 8240K, reserved 1048576K
}
Event: 6.352 GC heap before
{Heap before GC invocations=13 (full 3):
 PSYoungGen      total 199680K, used 16866K [0x00000000d5580000, 0x00000000e5380000, 0x0000000100000000)
  eden space 182784K, 0% used [0x00000000d5580000,0x00000000d5580000,0x00000000e0800000)
  from space 16896K, 99% used [0x00000000e1b80000,0x00000000e2bf8960,0x00000000e2c00000)
  to   space 19968K, 0% used [0x00000000e0800000,0x00000000e0800000,0x00000000e1b80000)
 ParOldGen       total 147968K, used 29616K [0x0000000080000000, 0x0000000089080000, 0x00000000d5580000)
  object space 147968K, 20% used [0x0000000080000000,0x0000000081cec1e8,0x0000000089080000)
 Metaspace       used 56769K, capacity 59132K, committed 59160K, reserved 1099776K
  class space    used 7778K, capacity 8240K, committed 8240K, reserved 1048576K
Event: 6.625 GC heap after
Heap after GC invocations=13 (full 3):
 PSYoungGen      total 199680K, used 0K [0x00000000d5580000, 0x00000000e5380000, 0x0000000100000000)
  eden space 182784K, 0% used [0x00000000d5580000,0x00000000d5580000,0x00000000e0800000)
  from space 16896K, 0% used [0x00000000e1b80000,0x00000000e1b80000,0x00000000e2c00000)
  to   space 19968K, 0% used [0x00000000e0800000,0x00000000e0800000,0x00000000e1b80000)
 ParOldGen       total 231424K, used 35865K [0x0000000080000000, 0x000000008e200000, 0x00000000d5580000)
  object space 231424K, 15% used [0x0000000080000000,0x0000000082306438,0x000000008e200000)
 Metaspace       used 56728K, capacity 58994K, committed 59160K, reserved 1099776K
  class space    used 7765K, capacity 8217K, committed 8240K, reserved 1048576K
}
Event: 8.364 GC heap before
{Heap before GC invocations=14 (full 3):
 PSYoungGen      total 199680K, used 182784K [0x00000000d5580000, 0x00000000e5380000, 0x0000000100000000)
  eden space 182784K, 100% used [0x00000000d5580000,0x00000000e0800000,0x00000000e0800000)
  from space 16896K, 0% used [0x00000000e1b80000,0x00000000e1b80000,0x00000000e2c00000)
  to   space 19968K, 0% used [0x00000000e0800000,0x00000000e0800000,0x00000000e1b80000)
 ParOldGen       total 231424K, used 35865K [0x0000000080000000, 0x000000008e200000, 0x00000000d5580000)
  object space 231424K, 15% used [0x0000000080000000,0x0000000082306438,0x000000008e200000)
 Metaspace       used 63911K, capacity 67114K, committed 67352K, reserved 1107968K
  class space    used 8847K, capacity 9463K, committed 9520K, reserved 1048576K
Event: 8.382 GC heap after
Heap after GC invocations=14 (full 3):
 PSYoungGen      total 202752K, used 16383K [0x00000000d5580000, 0x00000000e4d00000, 0x0000000100000000)
  eden space 182784K, 0% used [0x00000000d5580000,0x00000000d5580000,0x00000000e0800000)
  from space 19968K, 82% used [0x00000000e0800000,0x00000000e17ffc10,0x00000000e1b80000)
  to   space 20992K, 0% used [0x00000000e3880000,0x00000000e3880000,0x00000000e4d00000)
 ParOldGen       total 231424K, used 35873K [0x0000000080000000, 0x000000008e200000, 0x00000000d5580000)
  object space 231424K, 15% used [0x0000000080000000,0x0000000082308438,0x000000008e200000)
 Metaspace       used 63911K, capacity 67114K, committed 67352K, reserved 1107968K
  class space    used 8847K, capacity 9463K, committed 9520K, reserved 1048576K
}
Event: 9.843 GC heap before
{Heap before GC invocations=15 (full 3):
 PSYoungGen      total 202752K, used 199167K [0x00000000d5580000, 0x00000000e4d00000, 0x0000000100000000)
  eden space 182784K, 100% used [0x00000000d5580000,0x00000000e0800000,0x00000000e0800000)
  from space 19968K, 82% used [0x00000000e0800000,0x00000000e17ffc10,0x00000000e1b80000)
  to   space 20992K, 0% used [0x00000000e3880000,0x00000000e3880000,0x00000000e4d00000)
 ParOldGen       total 231424K, used 35873K [0x0000000080000000, 0x000000008e200000, 0x00000000d5580000)
  object space 231424K, 15% used [0x0000000080000000,0x0000000082308438,0x000000008e200000)
 Metaspace       used 72823K, capacity 76594K, committed 76824K, reserved 1116160K
  class space    used 10023K, capacity 10712K, committed 10800K, reserved 1048576K
Event: 9.870 GC heap after
Heap after GC invocations=15 (full 3):
 PSYoungGen      total 226816K, used 20989K [0x00000000d5580000, 0x00000000e5800000, 0x0000000100000000)
  eden space 205824K, 0% used [0x00000000d5580000,0x00000000d5580000,0x00000000e1e80000)
  from space 20992K, 99% used [0x00000000e3880000,0x00000000e4cff560,0x00000000e4d00000)
  to   space 26624K, 0% used [0x00000000e1e80000,0x00000000e1e80000,0x00000000e3880000)
 ParOldGen       total 231424K, used 43192K [0x0000000080000000, 0x000000008e200000, 0x00000000d5580000)
  object space 231424K, 18% used [0x0000000080000000,0x0000000082a2e2f0,0x000000008e200000)
 Metaspace       used 72823K, capacity 76594K, committed 76824K, reserved 1116160K
  class space    used 10023K, capacity 10712K, committed 10800K, reserved 1048576K
}
Event: 31.242 GC heap before
{Heap before GC invocations=16 (full 3):
 PSYoungGen      total 226816K, used 226813K [0x00000000d5580000, 0x00000000e5800000, 0x0000000100000000)
  eden space 205824K, 100% used [0x00000000d5580000,0x00000000e1e80000,0x00000000e1e80000)
  from space 20992K, 99% used [0x00000000e3880000,0x00000000e4cff560,0x00000000e4d00000)
  to   space 26624K, 0% used [0x00000000e1e80000,0x00000000e1e80000,0x00000000e3880000)
 ParOldGen       total 231424K, used 43192K [0x0000000080000000, 0x000000008e200000, 0x00000000d5580000)
  object space 231424K, 18% used [0x0000000080000000,0x0000000082a2e2f0,0x000000008e200000)
 Metaspace       used 87466K, capacity 92246K, committed 92568K, reserved 1128448K
  class space    used 11981K, capacity 12862K, committed 12976K, reserved 1048576K
Event: 31.270 GC heap after
Heap after GC invocations=16 (full 3):
 PSYoungGen      total 232448K, used 26614K [0x00000000d5580000, 0x00000000e7a80000, 0x0000000100000000)
  eden space 205824K, 0% used [0x00000000d5580000,0x00000000d5580000,0x00000000e1e80000)
  from space 26624K, 99% used [0x00000000e1e80000,0x00000000e387daf8,0x00000000e3880000)
  to   space 33792K, 0% used [0x00000000e5980000,0x00000000e5980000,0x00000000e7a80000)
 ParOldGen       total 231424K, used 53237K [0x0000000080000000, 0x000000008e200000, 0x00000000d5580000)
  object space 231424K, 23% used [0x0000000080000000,0x00000000833fd430,0x000000008e200000)
 Metaspace       used 87466K, capacity 92246K, committed 92568K, reserved 1128448K
  class space    used 11981K, capacity 12862K, committed 12976K, reserved 1048576K
}

