# JRE version: OpenJDK Runtime Environment (8.0_242-b01) (build 1.8.0_242-release-1644-b01)
# Java VM: OpenJDK 64-Bit Server VM (25.242-b01 mixed mode windows-amd64 compressed oops)
Heap:
 PSYoungGen      total 632320K, used 37202K [0x00000000d5580000, 0x00000000ffa80000, 0x0000000100000000)
  eden space 586240K, 3% used [0x00000000d5580000,0x00000000d6bb4b90,0x00000000f9200000)
  from space 46080K, 31% used [0x00000000f9200000,0x00000000fa020020,0x00000000fbf00000)
  to   space 43520K, 0% used [0x00000000fd000000,0x00000000fd000000,0x00000000ffa80000)
 ParOldGen       total 273408K, used 91853K [0x0000000080000000, 0x0000000090b00000, 0x00000000d5580000)
  object space 273408K, 33% used [0x0000000080000000,0x00000000859b3788,0x0000000090b00000)
 Metaspace       used 103385K, capacity 108720K, committed 108888K, reserved 1142784K
  class space    used 13597K, capacity 14622K, committed 14720K, reserved 1048576K
GC Heap History (10 events):
Event: 3107.407 GC heap before
{Heap before GC invocations=15 (full 4):
 PSYoungGen      total 454144K, used 6406K [0x00000000d5580000, 0x00000000f7b00000, 0x0000000100000000)
  eden space 416256K, 0% used [0x00000000d5580000,0x00000000d5580000,0x00000000eec00000)
  from space 37888K, 16% used [0x00000000eec00000,0x00000000ef241858,0x00000000f1100000)
  to   space 37888K, 0% used [0x00000000f5600000,0x00000000f5600000,0x00000000f7b00000)
 ParOldGen       total 192512K, used 81702K [0x0000000080000000, 0x000000008bc00000, 0x00000000d5580000)
  object space 192512K, 42% used [0x0000000080000000,0x0000000084fc9bd0,0x000000008bc00000)
 Metaspace       used 93323K, capacity 98256K, committed 98380K, reserved 1134592K
  class space    used 12318K, capacity 13268K, committed 13312K, reserved 1048576K
Event: 3107.546 GC heap after
Heap after GC invocations=15 (full 4):
 PSYoungGen      total 454144K, used 0K [0x00000000d5580000, 0x00000000f7b00000, 0x0000000100000000)
  eden space 416256K, 0% used [0x00000000d5580000,0x00000000d5580000,0x00000000eec00000)
  from space 37888K, 0% used [0x00000000eec00000,0x00000000eec00000,0x00000000f1100000)
  to   space 37888K, 0% used [0x00000000f5600000,0x00000000f5600000,0x00000000f7b00000)
 ParOldGen       total 273408K, used 44844K [0x0000000080000000, 0x0000000090b00000, 0x00000000d5580000)
  object space 273408K, 16% used [0x0000000080000000,0x0000000082bcb238,0x0000000090b00000)
 Metaspace       used 92127K, capacity 95814K, committed 98380K, reserved 1134592K
  class space    used 12052K, capacity 12793K, committed 13312K, reserved 1048576K
}
Event: 3109.244 GC heap before
{Heap before GC invocations=16 (full 4):
 PSYoungGen      total 454144K, used 416256K [0x00000000d5580000, 0x00000000f7b00000, 0x0000000100000000)
  eden space 416256K, 100% used [0x00000000d5580000,0x00000000eec00000,0x00000000eec00000)
  from space 37888K, 0% used [0x00000000eec00000,0x00000000eec00000,0x00000000f1100000)
  to   space 37888K, 0% used [0x00000000f5600000,0x00000000f5600000,0x00000000f7b00000)
 ParOldGen       total 273408K, used 44844K [0x0000000080000000, 0x0000000090b00000, 0x00000000d5580000)
  object space 273408K, 16% used [0x0000000080000000,0x0000000082bcb238,0x0000000090b00000)
 Metaspace       used 101072K, capacity 105914K, committed 106584K, reserved 1140736K
  class space    used 13397K, capacity 14353K, committed 14464K, reserved 1048576K
Event: 3109.278 GC heap after
Heap after GC invocations=16 (full 4):
 PSYoungGen      total 514560K, used 37875K [0x00000000d5580000, 0x00000000f9f00000, 0x0000000100000000)
  eden space 476672K, 0% used [0x00000000d5580000,0x00000000d5580000,0x00000000f2700000)
  from space 37888K, 99% used [0x00000000f5600000,0x00000000f7afcf70,0x00000000f7b00000)
  to   space 48128K, 0% used [0x00000000f2700000,0x00000000f2700000,0x00000000f5600000)
 ParOldGen       total 273408K, used 56411K [0x0000000080000000, 0x0000000090b00000, 0x00000000d5580000)
  object space 273408K, 20% used [0x0000000080000000,0x0000000083716db8,0x0000000090b00000)
 Metaspace       used 101072K, capacity 105914K, committed 106584K, reserved 1140736K
  class space    used 13397K, capacity 14353K, committed 14464K, reserved 1048576K
}
Event: 3110.498 GC heap before
{Heap before GC invocations=17 (full 4):
 PSYoungGen      total 514560K, used 514547K [0x00000000d5580000, 0x00000000f9f00000, 0x0000000100000000)
  eden space 476672K, 100% used [0x00000000d5580000,0x00000000f2700000,0x00000000f2700000)
  from space 37888K, 99% used [0x00000000f5600000,0x00000000f7afcf70,0x00000000f7b00000)
  to   space 48128K, 0% used [0x00000000f2700000,0x00000000f2700000,0x00000000f5600000)
 ParOldGen       total 273408K, used 56411K [0x0000000080000000, 0x0000000090b00000, 0x00000000d5580000)
  object space 273408K, 20% used [0x0000000080000000,0x0000000083716db8,0x0000000090b00000)
 Metaspace       used 103104K, capacity 108326K, committed 108632K, reserved 1142784K
  class space    used 13592K, capacity 14589K, committed 14720K, reserved 1048576K
Event: 3110.532 GC heap after
Heap after GC invocations=17 (full 4):
 PSYoungGen      total 524800K, used 4514K [0x00000000d5580000, 0x00000000fed80000, 0x0000000100000000)
  eden space 476672K, 0% used [0x00000000d5580000,0x00000000d5580000,0x00000000f2700000)
  from space 48128K, 9% used [0x00000000f2700000,0x00000000f2b68868,0x00000000f5600000)
  to   space 47616K, 0% used [0x00000000fbf00000,0x00000000fbf00000,0x00000000fed80000)
 ParOldGen       total 273408K, used 91837K [0x0000000080000000, 0x0000000090b00000, 0x00000000d5580000)
  object space 273408K, 33% used [0x0000000080000000,0x00000000859af788,0x0000000090b00000)
 Metaspace       used 103104K, capacity 108326K, committed 108632K, reserved 1142784K
  class space    used 13592K, capacity 14589K, committed 14720K, reserved 1048576K
}
Event: 3111.251 GC heap before
{Heap before GC invocations=18 (full 4):
 PSYoungGen      total 524800K, used 481186K [0x00000000d5580000, 0x00000000fed80000, 0x0000000100000000)
  eden space 476672K, 100% used [0x00000000d5580000,0x00000000f2700000,0x00000000f2700000)
  from space 48128K, 9% used [0x00000000f2700000,0x00000000f2b68868,0x00000000f5600000)
  to   space 47616K, 0% used [0x00000000fbf00000,0x00000000fbf00000,0x00000000fed80000)
 ParOldGen       total 273408K, used 91837K [0x0000000080000000, 0x0000000090b00000, 0x00000000d5580000)
  object space 273408K, 33% used [0x0000000080000000,0x00000000859af788,0x0000000090b00000)
 Metaspace       used 103336K, capacity 108648K, committed 108888K, reserved 1142784K
  class space    used 13597K, capacity 14622K, committed 14720K, reserved 1048576K
Event: 3111.268 GC heap after
Heap after GC invocations=18 (full 4):
 PSYoungGen      total 632832K, used 8960K [0x00000000d5580000, 0x00000000fec80000, 0x0000000100000000)
  eden space 586240K, 0% used [0x00000000d5580000,0x00000000d5580000,0x00000000f9200000)
  from space 46592K, 19% used [0x00000000fbf00000,0x00000000fc7c0010,0x00000000fec80000)
  to   space 46080K, 0% used [0x00000000f9200000,0x00000000f9200000,0x00000000fbf00000)
 ParOldGen       total 273408K, used 91845K [0x0000000080000000, 0x0000000090b00000, 0x00000000d5580000)
  object space 273408K, 33% used [0x0000000080000000,0x00000000859b1788,0x0000000090b00000)
 Metaspace       used 103336K, capacity 108648K, committed 108888K, reserved 1142784K
  class space    used 13597K, capacity 14622K, committed 14720K, reserved 1048576K
}
Event: 3112.099 GC heap before
{Heap before GC invocations=19 (full 4):
 PSYoungGen      total 632832K, used 595200K [0x00000000d5580000, 0x00000000fec80000, 0x0000000100000000)
  eden space 586240K, 100% used [0x00000000d5580000,0x00000000f9200000,0x00000000f9200000)
  from space 46592K, 19% used [0x00000000fbf00000,0x00000000fc7c0010,0x00000000fec80000)
  to   space 46080K, 0% used [0x00000000f9200000,0x00000000f9200000,0x00000000fbf00000)
 ParOldGen       total 273408K, used 91845K [0x0000000080000000, 0x0000000090b00000, 0x00000000d5580000)
  object space 273408K, 33% used [0x0000000080000000,0x00000000859b1788,0x0000000090b00000)
 Metaspace       used 103385K, capacity 108720K, committed 108888K, reserved 1142784K
  class space    used 13597K, capacity 14622K, committed 14720K, reserved 1048576K
Event: 3112.125 GC heap after
Heap after GC invocations=19 (full 4):
 PSYoungGen      total 632320K, used 14464K [0x00000000d5580000, 0x00000000ffa80000, 0x0000000100000000)
  eden space 586240K, 0% used [0x00000000d5580000,0x00000000d5580000,0x00000000f9200000)
  from space 46080K, 31% used [0x00000000f9200000,0x00000000fa020020,0x00000000fbf00000)
  to   space 43520K, 0% used [0x00000000fd000000,0x00000000fd000000,0x00000000ffa80000)
 ParOldGen       total 273408K, used 91853K [0x0000000080000000, 0x0000000090b00000, 0x00000000d5580000)
  object space 273408K, 33% used [0x0000000080000000,0x00000000859b3788,0x0000000090b00000)
 Metaspace       used 103385K, capacity 108720K, committed 108888K, reserved 1142784K
  class space    used 13597K, capacity 14622K, committed 14720K, reserved 1048576K
}

