# JRE version: OpenJDK Runtime Environment (8.0_242-b01) (build 1.8.0_242-release-1644-b01)
# Java VM: OpenJDK 64-Bit Server VM (25.242-b01 mixed mode windows-amd64 compressed oops)
Heap:
 PSYoungGen      total 485888K, used 107155K [0x00000000d5580000, 0x00000000fa800000, 0x0000000100000000)
  eden space 418304K, 9% used [0x00000000d5580000,0x00000000d7c26d40,0x00000000eee00000)
  from space 67584K, 99% used [0x00000000f3b00000,0x00000000f7cfe1a0,0x00000000f7d00000)
  to   space 78848K, 0% used [0x00000000eee00000,0x00000000eee00000,0x00000000f3b00000)
 ParOldGen       total 312320K, used 128007K [0x0000000080000000, 0x0000000093100000, 0x00000000d5580000)
  object space 312320K, 40% used [0x0000000080000000,0x0000000087d01ed8,0x0000000093100000)
 Metaspace       used 121863K, capacity 131596K, committed 131608K, reserved 1163264K
  class space    used 15728K, capacity 17445K, committed 17456K, reserved 1048576K
GC Heap History (10 events):
Event: 11308.739 GC heap before
{Heap before GC invocations=32 (full 4):
 PSYoungGen      total 432640K, used 389290K [0x00000000d5580000, 0x00000000f6100000, 0x0000000100000000)
  eden space 359936K, 100% used [0x00000000d5580000,0x00000000eb500000,0x00000000eb500000)
  from space 72704K, 40% used [0x00000000eb500000,0x00000000ed1aaa38,0x00000000efc00000)
  to   space 69632K, 0% used [0x00000000f1d00000,0x00000000f1d00000,0x00000000f6100000)
 ParOldGen       total 312320K, used 120912K [0x0000000080000000, 0x0000000093100000, 0x00000000d5580000)
  object space 312320K, 38% used [0x0000000080000000,0x00000000876142d8,0x0000000093100000)
 Metaspace       used 116823K, capacity 124450K, committed 124568K, reserved 1157120K
  class space    used 15095K, capacity 16485K, committed 16560K, reserved 1048576K
Event: 11308.775 GC heap after
Heap after GC invocations=32 (full 4):
 PSYoungGen      total 449024K, used 37273K [0x00000000d5580000, 0x00000000f5680000, 0x0000000100000000)
  eden space 390144K, 0% used [0x00000000d5580000,0x00000000d5580000,0x00000000ed280000)
  from space 58880K, 63% used [0x00000000f1d00000,0x00000000f4166450,0x00000000f5680000)
  to   space 67584K, 0% used [0x00000000ed280000,0x00000000ed280000,0x00000000f1480000)
 ParOldGen       total 312320K, used 120920K [0x0000000080000000, 0x0000000093100000, 0x00000000d5580000)
  object space 312320K, 38% used [0x0000000080000000,0x00000000876162d8,0x0000000093100000)
 Metaspace       used 116823K, capacity 124450K, committed 124568K, reserved 1157120K
  class space    used 15095K, capacity 16485K, committed 16560K, reserved 1048576K
}
Event: 11429.988 GC heap before
{Heap before GC invocations=33 (full 4):
 PSYoungGen      total 449024K, used 427354K [0x00000000d5580000, 0x00000000f5680000, 0x0000000100000000)
  eden space 390144K, 99% used [0x00000000d5580000,0x00000000ed270660,0x00000000ed280000)
  from space 58880K, 63% used [0x00000000f1d00000,0x00000000f4166450,0x00000000f5680000)
  to   space 67584K, 0% used [0x00000000ed280000,0x00000000ed280000,0x00000000f1480000)
 ParOldGen       total 312320K, used 120920K [0x0000000080000000, 0x0000000093100000, 0x00000000d5580000)
  object space 312320K, 38% used [0x0000000080000000,0x00000000876162d8,0x0000000093100000)
 Metaspace       used 117205K, capacity 124964K, committed 125080K, reserved 1157120K
  class space    used 15118K, capacity 16526K, committed 16560K, reserved 1048576K
Event: 11430.026 GC heap after
Heap after GC invocations=33 (full 4):
 PSYoungGen      total 457728K, used 47151K [0x00000000d5580000, 0x00000000f7480000, 0x0000000100000000)
  eden space 390144K, 0% used [0x00000000d5580000,0x00000000d5580000,0x00000000ed280000)
  from space 67584K, 69% used [0x00000000ed280000,0x00000000f008bce8,0x00000000f1480000)
  to   space 69632K, 0% used [0x00000000f3080000,0x00000000f3080000,0x00000000f7480000)
 ParOldGen       total 312320K, used 120928K [0x0000000080000000, 0x0000000093100000, 0x00000000d5580000)
  object space 312320K, 38% used [0x0000000080000000,0x00000000876182d8,0x0000000093100000)
 Metaspace       used 117205K, capacity 124964K, committed 125080K, reserved 1157120K
  class space    used 15118K, capacity 16526K, committed 16560K, reserved 1048576K
}
Event: 11757.609 GC heap before
{Heap before GC invocations=34 (full 4):
 PSYoungGen      total 457728K, used 437295K [0x00000000d5580000, 0x00000000f7480000, 0x0000000100000000)
  eden space 390144K, 100% used [0x00000000d5580000,0x00000000ed280000,0x00000000ed280000)
  from space 67584K, 69% used [0x00000000ed280000,0x00000000f008bce8,0x00000000f1480000)
  to   space 69632K, 0% used [0x00000000f3080000,0x00000000f3080000,0x00000000f7480000)
 ParOldGen       total 312320K, used 120928K [0x0000000080000000, 0x0000000093100000, 0x00000000d5580000)
  object space 312320K, 38% used [0x0000000080000000,0x00000000876182d8,0x0000000093100000)
 Metaspace       used 118594K, capacity 127900K, committed 128152K, reserved 1161216K
  class space    used 15371K, capacity 16992K, committed 17072K, reserved 1048576K
Event: 11757.645 GC heap after
Heap after GC invocations=34 (full 4):
 PSYoungGen      total 468992K, used 34835K [0x00000000d5580000, 0x00000000f6880000, 0x0000000100000000)
  eden space 411648K, 0% used [0x00000000d5580000,0x00000000d5580000,0x00000000ee780000)
  from space 57344K, 60% used [0x00000000f3080000,0x00000000f5284e18,0x00000000f6880000)
  to   space 66048K, 0% used [0x00000000ee780000,0x00000000ee780000,0x00000000f2800000)
 ParOldGen       total 312320K, used 120936K [0x0000000080000000, 0x0000000093100000, 0x00000000d5580000)
  object space 312320K, 38% used [0x0000000080000000,0x000000008761a2d8,0x0000000093100000)
 Metaspace       used 118594K, capacity 127900K, committed 128152K, reserved 1161216K
  class space    used 15371K, capacity 16992K, committed 17072K, reserved 1048576K
}
Event: 13419.317 GC heap before
{Heap before GC invocations=35 (full 4):
 PSYoungGen      total 468992K, used 446483K [0x00000000d5580000, 0x00000000f6880000, 0x0000000100000000)
  eden space 411648K, 100% used [0x00000000d5580000,0x00000000ee780000,0x00000000ee780000)
  from space 57344K, 60% used [0x00000000f3080000,0x00000000f5284e18,0x00000000f6880000)
  to   space 66048K, 0% used [0x00000000ee780000,0x00000000ee780000,0x00000000f2800000)
 ParOldGen       total 312320K, used 120936K [0x0000000080000000, 0x0000000093100000, 0x00000000d5580000)
  object space 312320K, 38% used [0x0000000080000000,0x000000008761a2d8,0x0000000093100000)
 Metaspace       used 121626K, capacity 131354K, committed 131608K, reserved 1163264K
  class space    used 15724K, capacity 17440K, committed 17456K, reserved 1048576K
Event: 13419.347 GC heap after
Heap after GC invocations=35 (full 4):
 PSYoungGen      total 477696K, used 46629K [0x00000000d5580000, 0x00000000f7d00000, 0x0000000100000000)
  eden space 411648K, 0% used [0x00000000d5580000,0x00000000d5580000,0x00000000ee780000)
  from space 66048K, 70% used [0x00000000ee780000,0x00000000f15096f8,0x00000000f2800000)
  to   space 67584K, 0% used [0x00000000f3b00000,0x00000000f3b00000,0x00000000f7d00000)
 ParOldGen       total 312320K, used 120944K [0x0000000080000000, 0x0000000093100000, 0x00000000d5580000)
  object space 312320K, 38% used [0x0000000080000000,0x000000008761c2d8,0x0000000093100000)
 Metaspace       used 121626K, capacity 131354K, committed 131608K, reserved 1163264K
  class space    used 15724K, capacity 17440K, committed 17456K, reserved 1048576K
}
Event: 13420.693 GC heap before
{Heap before GC invocations=36 (full 4):
 PSYoungGen      total 477696K, used 458277K [0x00000000d5580000, 0x00000000f7d00000, 0x0000000100000000)
  eden space 411648K, 100% used [0x00000000d5580000,0x00000000ee780000,0x00000000ee780000)
  from space 66048K, 70% used [0x00000000ee780000,0x00000000f15096f8,0x00000000f2800000)
  to   space 67584K, 0% used [0x00000000f3b00000,0x00000000f3b00000,0x00000000f7d00000)
 ParOldGen       total 312320K, used 120944K [0x0000000080000000, 0x0000000093100000, 0x00000000d5580000)
  object space 312320K, 38% used [0x0000000080000000,0x000000008761c2d8,0x0000000093100000)
 Metaspace       used 121859K, capacity 131596K, committed 131608K, reserved 1163264K
  class space    used 15728K, capacity 17445K, committed 17456K, reserved 1048576K
Event: 13420.743 GC heap after
Heap after GC invocations=36 (full 4):
 PSYoungGen      total 485888K, used 67576K [0x00000000d5580000, 0x00000000fa800000, 0x0000000100000000)
  eden space 418304K, 0% used [0x00000000d5580000,0x00000000d5580000,0x00000000eee00000)
  from space 67584K, 99% used [0x00000000f3b00000,0x00000000f7cfe1a0,0x00000000f7d00000)
  to   space 78848K, 0% used [0x00000000eee00000,0x00000000eee00000,0x00000000f3b00000)
 ParOldGen       total 312320K, used 128007K [0x0000000080000000, 0x0000000093100000, 0x00000000d5580000)
  object space 312320K, 40% used [0x0000000080000000,0x0000000087d01ed8,0x0000000093100000)
 Metaspace       used 121859K, capacity 131596K, committed 131608K, reserved 1163264K
  class space    used 15728K, capacity 17445K, committed 17456K, reserved 1048576K
}

